Determining if the pthread_create exist failed with the following output:
Change Dir: /home/rushad/catkin_ws/build_isolated/cartographer_rviz/abseil/src/abseil-build/CMakeFiles/CMakeTmp

Run Build Command:"/usr/bin/ninja" "cmTC_8bd6f"
[1/2] Building C object CMakeFiles/cmTC_8bd6f.dir/CheckSymbolExists.c.o
[2/2] Linking C executable cmTC_8bd6f
FAILED: cmTC_8bd6f 
: && /usr/bin/cc   -rdynamic CMakeFiles/cmTC_8bd6f.dir/CheckSymbolExists.c.o  -o cmTC_8bd6f   && :
CMakeFiles/cmTC_8bd6f.dir/CheckSymbolExists.c.o: In function `main':
CheckSymbolExists.c:(.text+0x1b): undefined reference to `pthread_create'
collect2: error: ld returned 1 exit status
ninja: build stopped: subcommand failed.

File /home/rushad/catkin_ws/build_isolated/cartographer_rviz/abseil/src/abseil-build/CMakeFiles/CMakeTmp/CheckSymbolExists.c:
/* */
#include <pthread.h>

int main(int argc, char** argv)
{
  (void)argv;
#ifndef pthread_create
  return ((int*)(&pthread_create))[argc];
#else
  (void)argc;
  return 0;
#endif
}

Determining if the function pthread_create exists in the pthreads failed with the following output:
Change Dir: /home/rushad/catkin_ws/build_isolated/cartographer_rviz/abseil/src/abseil-build/CMakeFiles/CMakeTmp

Run Build Command:"/usr/bin/ninja" "cmTC_be081"
[1/2] Building C object CMakeFiles/cmTC_be081.dir/CheckFunctionExists.c.o
[2/2] Linking C executable cmTC_be081
FAILED: cmTC_be081 
: && /usr/bin/cc -DCHECK_FUNCTION_EXISTS=pthread_create  -rdynamic CMakeFiles/cmTC_be081.dir/CheckFunctionExists.c.o  -o cmTC_be081  -lpthreads && :
/usr/bin/ld: cannot find -lpthreads
collect2: error: ld returned 1 exit status
ninja: build stopped: subcommand failed.


