Determining if the pthread_create exist failed with the following output:
Change Dir: /home/rushad/catkin_ws/build_isolated/cartographer_ros/abseil/src/abseil-build/CMakeFiles/CMakeTmp

Run Build Command:"/usr/bin/ninja" "cmTC_6c8dc"
[1/2] Building C object CMakeFiles/cmTC_6c8dc.dir/CheckSymbolExists.c.o
[2/2] Linking C executable cmTC_6c8dc
FAILED: cmTC_6c8dc 
: && /usr/bin/cc   -rdynamic CMakeFiles/cmTC_6c8dc.dir/CheckSymbolExists.c.o  -o cmTC_6c8dc   && :
CMakeFiles/cmTC_6c8dc.dir/CheckSymbolExists.c.o: In function `main':
CheckSymbolExists.c:(.text+0x1b): undefined reference to `pthread_create'
collect2: error: ld returned 1 exit status
ninja: build stopped: subcommand failed.

File /home/rushad/catkin_ws/build_isolated/cartographer_ros/abseil/src/abseil-build/CMakeFiles/CMakeTmp/CheckSymbolExists.c:
/* */
#include <pthread.h>

int main(int argc, char** argv)
{
  (void)argv;
#ifndef pthread_create
  return ((int*)(&pthread_create))[argc];
#else
  (void)argc;
  return 0;
#endif
}

Determining if the function pthread_create exists in the pthreads failed with the following output:
Change Dir: /home/rushad/catkin_ws/build_isolated/cartographer_ros/abseil/src/abseil-build/CMakeFiles/CMakeTmp

Run Build Command:"/usr/bin/ninja" "cmTC_0fc2c"
[1/2] Building C object CMakeFiles/cmTC_0fc2c.dir/CheckFunctionExists.c.o
[2/2] Linking C executable cmTC_0fc2c
FAILED: cmTC_0fc2c 
: && /usr/bin/cc -DCHECK_FUNCTION_EXISTS=pthread_create  -rdynamic CMakeFiles/cmTC_0fc2c.dir/CheckFunctionExists.c.o  -o cmTC_0fc2c  -lpthreads && :
/usr/bin/ld: cannot find -lpthreads
collect2: error: ld returned 1 exit status
ninja: build stopped: subcommand failed.


